<?xml version="1.0" encoding="UTF-8"?>
<testsuite name="MadLib" tests="2" skipped="0" failures="0" errors="0" timestamp="2021-04-26T16:01:53" hostname="MacBook-Pro-von-Jonas.local" time="0.026">
  <properties/>
  <testcase name="Test 1 MadLib" classname="de.htwberlin.madlib.MadLibTest" time="0.023"/>
  <testcase name="Test 2 MadLib" classname="de.htwberlin.madlib.MadLibTest" time="0.001"/>
  <system-out><![CDATA[]]></system-out>
  <system-err><![CDATA[]]></system-err>
</testsuite>
